<?xml version="1.0" encoding="UTF-8"?>
<!-- Generated by org.testng.reporters.JUnitReportReporter -->
<testsuite skipped="0" hostname="Prithvi-1" name="testNGClasses.TestSecondary" tests="3" failures="0" timestamp="24 Apr 2019 19:29:41 GMT" time="13.008" errors="0">
  <testcase name="googleTest" time="3.669" classname="testNGClasses.TestSecondary"/>
  <testcase name="facebookTest" time="3.667" classname="testNGClasses.TestSecondary"/>
  <testcase name="amazoninTest" time="5.672" classname="testNGClasses.TestSecondary"/>
</testsuite> <!-- testNGClasses.TestSecondary -->
