<?xml version="1.0" encoding="UTF-8"?>
<!-- Generated by org.testng.reporters.JUnitReportReporter -->
<testsuite skipped="0" hostname="Prithvi-1" name="testNGClasses.TestPrimary" tests="3" failures="0" timestamp="17 Apr 2019 19:34:44 GMT" time="12.057" errors="0">
  <testcase name="googleTest" time="1.434" classname="testNGClasses.TestPrimary"/>
  <testcase name="facebookTest" time="5.795" classname="testNGClasses.TestPrimary"/>
  <testcase name="amazoninTest" time="4.828" classname="testNGClasses.TestPrimary"/>
</testsuite> <!-- testNGClasses.TestPrimary -->
