<?xml version="1.0" encoding="UTF-8"?>
<!-- Generated by org.testng.reporters.JUnitReportReporter -->
<testsuite skipped="0" hostname="PRITHVI-DELL" name="testNGClasses.TestPrimary" tests="3" failures="0" timestamp="22 May 2019 17:45:33 GMT" time="9.531" errors="0">
  <testcase name="googleTest" time="2.542" classname="testNGClasses.TestPrimary"/>
  <testcase name="amazoninTest" time="3.928" classname="testNGClasses.TestPrimary"/>
  <testcase name="facebookTest" time="3.061" classname="testNGClasses.TestPrimary"/>
</testsuite> <!-- testNGClasses.TestPrimary -->
