<?xml version="1.0" encoding="UTF-8"?>
<!-- Generated by org.testng.reporters.JUnitReportReporter -->
<testsuite skipped="0" hostname="PRITHVI-DELL" name="testNGClasses.TestSecondary" tests="3" failures="0" timestamp="22 May 2019 17:45:33 GMT" time="9.134" errors="0">
  <testcase name="facebookTest" time="3.025" classname="testNGClasses.TestSecondary"/>
  <testcase name="amazoninTest" time="3.621" classname="testNGClasses.TestSecondary"/>
  <testcase name="googleTest" time="2.488" classname="testNGClasses.TestSecondary"/>
</testsuite> <!-- testNGClasses.TestSecondary -->
