<?xml version="1.0" encoding="UTF-8"?>
<!-- Generated by org.testng.reporters.JUnitReportReporter -->
<testsuite skipped="0" hostname="Prithvi-1" name="testNGClasses.TestPrimary" tests="3" failures="0" timestamp="18 Apr 2019 18:52:26 GMT" time="10.058" errors="0">
  <testcase name="googleTest" time="2.546" classname="testNGClasses.TestPrimary"/>
  <testcase name="amazoninTest" time="3.351" classname="testNGClasses.TestPrimary"/>
  <testcase name="facebookTest" time="4.161" classname="testNGClasses.TestPrimary"/>
</testsuite> <!-- testNGClasses.TestPrimary -->
