<?xml version="1.0" encoding="UTF-8"?>
<!-- Generated by org.testng.reporters.JUnitReportReporter -->
<testsuite skipped="0" hostname="Prithvi-1" name="testNGClasses.TestPrimary" tests="3" failures="0" timestamp="24 Apr 2019 19:29:41 GMT" time="17.066" errors="0">
  <testcase name="googleTest" time="4.626" classname="testNGClasses.TestPrimary"/>
  <testcase name="amazoninTest" time="5.093" classname="testNGClasses.TestPrimary"/>
  <testcase name="facebookTest" time="7.347" classname="testNGClasses.TestPrimary"/>
</testsuite> <!-- testNGClasses.TestPrimary -->
