<?xml version="1.0" encoding="UTF-8"?>
<!-- Generated by org.testng.reporters.JUnitReportReporter -->
<testsuite skipped="0" hostname="PRITHVI-DELL" name="testNGClasses.TestTertiary" tests="3" failures="0" timestamp="22 May 2019 17:45:33 GMT" time="10.083" errors="0">
  <testcase name="googleTest" time="1.332" classname="testNGClasses.TestTertiary"/>
  <testcase name="amazoninTest" time="4.555" classname="testNGClasses.TestTertiary"/>
  <testcase name="facebookTest" time="4.196" classname="testNGClasses.TestTertiary"/>
</testsuite> <!-- testNGClasses.TestTertiary -->
