<?xml version="1.0" encoding="UTF-8"?>
<!-- Generated by org.testng.reporters.JUnitReportReporter -->
<testsuite skipped="0" hostname="Prithvi-1" name="testNGClasses.TestTertiary" tests="3" failures="0" timestamp="24 Apr 2019 19:29:41 GMT" time="15.465" errors="0">
  <testcase name="facebookTest" time="8.157" classname="testNGClasses.TestTertiary"/>
  <testcase name="amazoninTest" time="5.358" classname="testNGClasses.TestTertiary"/>
  <testcase name="googleTest" time="1.950" classname="testNGClasses.TestTertiary"/>
</testsuite> <!-- testNGClasses.TestTertiary -->
