<?xml version="1.0" encoding="UTF-8"?>
<!-- Generated by org.testng.reporters.JUnitReportReporter -->
<testsuite skipped="0" hostname="Prithvi-1" name="testNGClasses.TestTertiary" tests="3" failures="0" timestamp="17 Apr 2019 19:56:54 GMT" time="8.495" errors="0">
  <testcase name="amazoninTest" time="3.824" classname="testNGClasses.TestTertiary"/>
  <testcase name="facebookTest" time="4.146" classname="testNGClasses.TestTertiary"/>
  <testcase name="googleTest" time="0.525" classname="testNGClasses.TestTertiary"/>
</testsuite> <!-- testNGClasses.TestTertiary -->
