<?xml version="1.0" encoding="UTF-8"?>
<!-- Generated by org.testng.reporters.JUnitReportReporter -->
<testsuite skipped="0" hostname="Prithvi-1" name="testNGClasses.TestPrimary" tests="3" failures="0" timestamp="18 Apr 2019 19:07:16 GMT" time="10.377" errors="0">
  <testcase name="googleTest" time="1.856" classname="testNGClasses.TestPrimary"/>
  <testcase name="amazoninTest" time="4.084" classname="testNGClasses.TestPrimary"/>
  <testcase name="facebookTest" time="4.437" classname="testNGClasses.TestPrimary"/>
</testsuite> <!-- testNGClasses.TestPrimary -->
