<?xml version="1.0" encoding="UTF-8"?>
<!-- Generated by org.testng.reporters.JUnitReportReporter -->
<testsuite skipped="0" hostname="Prithvi-1" name="testNGClasses.TestPrimary" tests="3" failures="0" timestamp="17 Apr 2019 19:56:54 GMT" time="11.543" errors="0">
  <testcase name="amazoninTest" time="4.672" classname="testNGClasses.TestPrimary"/>
  <testcase name="googleTest" time="1.177" classname="testNGClasses.TestPrimary"/>
  <testcase name="facebookTest" time="5.694" classname="testNGClasses.TestPrimary"/>
</testsuite> <!-- testNGClasses.TestPrimary -->
