<?xml version="1.0" encoding="UTF-8"?>
<!-- Generated by org.testng.reporters.JUnitReportReporter -->
<testsuite skipped="0" hostname="Prithvi-1" name="testNGClasses.TestSecondary" tests="3" failures="0" timestamp="23 Apr 2019 17:32:01 GMT" time="17.801" errors="0">
  <testcase name="facebookTest" time="2.939" classname="testNGClasses.TestSecondary"/>
  <testcase name="amazoninTest" time="11.990" classname="testNGClasses.TestSecondary"/>
  <testcase name="googleTest" time="2.872" classname="testNGClasses.TestSecondary"/>
</testsuite> <!-- testNGClasses.TestSecondary -->
