<?xml version="1.0" encoding="UTF-8"?>
<!-- Generated by org.testng.reporters.JUnitReportReporter -->
<testsuite skipped="0" hostname="Prithvi-1" name="testNGClasses.TestSecondary" tests="3" failures="0" timestamp="18 Apr 2019 19:07:16 GMT" time="11.260" errors="0">
  <testcase name="googleTest" time="3.640" classname="testNGClasses.TestSecondary"/>
  <testcase name="facebookTest" time="3.772" classname="testNGClasses.TestSecondary"/>
  <testcase name="amazoninTest" time="3.848" classname="testNGClasses.TestSecondary"/>
</testsuite> <!-- testNGClasses.TestSecondary -->
