<?xml version="1.0" encoding="UTF-8"?>
<!-- Generated by org.testng.reporters.JUnitReportReporter -->
<testsuite skipped="0" hostname="Prithvi-1" name="testNGClasses.TestTertiary" tests="3" failures="0" timestamp="18 Apr 2019 18:53:58 GMT" time="11.428" errors="0">
  <testcase name="amazoninTest" time="4.463" classname="testNGClasses.TestTertiary"/>
  <testcase name="googleTest" time="1.276" classname="testNGClasses.TestTertiary"/>
  <testcase name="facebookTest" time="5.689" classname="testNGClasses.TestTertiary"/>
</testsuite> <!-- testNGClasses.TestTertiary -->
