<?xml version="1.0" encoding="UTF-8"?>
<!-- Generated by org.testng.reporters.JUnitReportReporter -->
<testsuite skipped="0" hostname="Prithvi-1" name="testNGClasses.TestSecondary" tests="3" failures="0" timestamp="23 Apr 2019 17:11:04 GMT" time="19.989" errors="0">
  <testcase name="facebookTest" time="6.207" classname="testNGClasses.TestSecondary"/>
  <testcase name="amazoninTest" time="9.522" classname="testNGClasses.TestSecondary"/>
  <testcase name="googleTest" time="4.260" classname="testNGClasses.TestSecondary"/>
</testsuite> <!-- testNGClasses.TestSecondary -->
