<?xml version="1.0" encoding="UTF-8"?>
<!-- Generated by org.testng.reporters.JUnitReportReporter -->
<testsuite skipped="0" hostname="Prithvi-1" name="testNGClasses.TestTertiary" tests="3" failures="0" timestamp="23 Apr 2019 17:32:01 GMT" time="14.910" errors="0">
  <testcase name="googleTest" time="0.670" classname="testNGClasses.TestTertiary"/>
  <testcase name="amazoninTest" time="7.963" classname="testNGClasses.TestTertiary"/>
  <testcase name="facebookTest" time="6.277" classname="testNGClasses.TestTertiary"/>
</testsuite> <!-- testNGClasses.TestTertiary -->
