<?xml version="1.0" encoding="UTF-8"?>
<!-- Generated by org.testng.reporters.JUnitReportReporter -->
<testsuite skipped="0" hostname="Prithvi-1" name="testNGClasses.TestPrimary" tests="3" failures="0" timestamp="23 Apr 2019 17:11:04 GMT" time="72.476" errors="0">
  <testcase name="googleTest" time="8.974" classname="testNGClasses.TestPrimary"/>
  <testcase name="amazoninTest" time="50.593" classname="testNGClasses.TestPrimary"/>
  <testcase name="facebookTest" time="12.909" classname="testNGClasses.TestPrimary"/>
</testsuite> <!-- testNGClasses.TestPrimary -->
