<?xml version="1.0" encoding="UTF-8"?>
<!-- Generated by org.testng.reporters.JUnitReportReporter -->
<testsuite skipped="0" hostname="Prithvi-1" name="testNGClasses.TestSecondary" tests="3" failures="0" timestamp="17 Apr 2019 19:56:54 GMT" time="8.756" errors="0">
  <testcase name="facebookTest" time="4.246" classname="testNGClasses.TestSecondary"/>
  <testcase name="googleTest" time="1.130" classname="testNGClasses.TestSecondary"/>
  <testcase name="amazoninTest" time="3.380" classname="testNGClasses.TestSecondary"/>
</testsuite> <!-- testNGClasses.TestSecondary -->
