<?xml version="1.0" encoding="UTF-8"?>
<!-- Generated by org.testng.reporters.JUnitReportReporter -->
<testsuite skipped="0" hostname="Prithvi-1" name="testNGClasses.TestPrimary" tests="3" failures="0" timestamp="23 Apr 2019 17:32:01 GMT" time="36.135" errors="0">
  <testcase name="googleTest" time="3.490" classname="testNGClasses.TestPrimary"/>
  <testcase name="amazoninTest" time="6.964" classname="testNGClasses.TestPrimary"/>
  <testcase name="facebookTest" time="25.681" classname="testNGClasses.TestPrimary"/>
</testsuite> <!-- testNGClasses.TestPrimary -->
