<?xml version="1.0" encoding="UTF-8"?>
<!-- Generated by org.testng.reporters.JUnitReportReporter -->
<testsuite skipped="0" hostname="Prithvi-1" name="testNGClasses.TestTertiary" tests="3" failures="0" timestamp="23 Apr 2019 17:11:04 GMT" time="20.406" errors="0">
  <testcase name="googleTest" time="2.460" classname="testNGClasses.TestTertiary"/>
  <testcase name="amazoninTest" time="9.045" classname="testNGClasses.TestTertiary"/>
  <testcase name="facebookTest" time="8.901" classname="testNGClasses.TestTertiary"/>
</testsuite> <!-- testNGClasses.TestTertiary -->
